<?xml version="1.0" encoding="UTF-8"?>
<testng-results ignored="0" total="1" passed="1" failed="0" skipped="0">
  <reporter-output>
  </reporter-output>
  <suite started-at="2022-06-10T06:37:33Z" name="Default suite" finished-at="2022-06-10T06:38:18Z" duration-ms="45358">
    <groups>
    </groups>
    <test started-at="2022-06-10T06:37:33Z" name="Default test" finished-at="2022-06-10T06:38:18Z" duration-ms="45358">
      <class name="spotdraft.test.login">
        <test-method signature="login(java.lang.String, java.lang.String)[pri:0, instance:spotdraft.test.login@2898ac89]" started-at="2022-06-10T06:37:33Z" name="login" data-provider="login" finished-at="2022-06-10T06:38:18Z" duration-ms="45333" status="PASS">
          <params>
            <param index="0">
              <value>
                <![CDATA[varunkapil77@gmail.com]]>
              </value>
            </param>
            <param index="1">
              <value>
                <![CDATA[Varun@121]]>
              </value>
            </param>
          </params>
          <reporter-output>
          </reporter-output>
        </test-method> <!-- login -->
      </class> <!-- spotdraft.test.login -->
    </test> <!-- Default test -->
  </suite> <!-- Default suite -->
</testng-results>
